\BOOKMARK [0][-]{section*.10}{Acronym}{}% 1
\BOOKMARK [0][-]{chapter*.11}{Abbildungsverzeichnis}{}% 2
\BOOKMARK [0][-]{chapter.1}{Bedarfsanalyse}{}% 3
\BOOKMARK [1][-]{section.1.1}{Section}{chapter.1}% 4
\BOOKMARK [1][-]{section.1.2}{Another Section}{chapter.1}% 5
\BOOKMARK [2][-]{subsection.1.2.1}{bla}{section.1.2}% 6
\BOOKMARK [3][-]{subsubsection.1.2.1.1}{blabla}{subsection.1.2.1}% 7
\BOOKMARK [0][-]{chapter.2}{Architektur der Software}{}% 8
\BOOKMARK [1][-]{section.2.1}{Server-Client-Architektur}{chapter.2}% 9
\BOOKMARK [2][-]{subsection.2.1.1}{Physischer Systemaufbau}{section.2.1}% 10
\BOOKMARK [2][-]{subsection.2.1.2}{Server}{section.2.1}% 11
\BOOKMARK [3][-]{subsubsection.2.1.2.1}{Datenbankserver}{subsection.2.1.2}% 12
\BOOKMARK [3][-]{subsubsection.2.1.2.2}{Web-Interface}{subsection.2.1.2}% 13
\BOOKMARK [3][-]{subsubsection.2.1.2.3}{REST API}{subsection.2.1.2}% 14
\BOOKMARK [2][-]{subsection.2.1.3}{Clients}{section.2.1}% 15
\BOOKMARK [1][-]{section.2.2}{Datenbank-Architektur}{chapter.2}% 16
\BOOKMARK [0][-]{chapter.3}{Implementierung}{}% 17
\BOOKMARK [0][-]{chapter.4}{PHP JWT}{}% 18
\BOOKMARK [0][-]{chapter.5}{Rechteverwaltung - Web}{}% 19
\BOOKMARK [1][-]{section.5.1}{Authentifizierung \(AuthN\)}{chapter.5}% 20
\BOOKMARK [1][-]{section.5.2}{Autorisierung \(AuthZ\)}{chapter.5}% 21
\BOOKMARK [0][-]{chapter.6}{Rechteverwaltung - App auf Brille}{}% 22
\BOOKMARK [1][-]{section.6.1}{Authentifizierung \(AuthN\)}{chapter.6}% 23
\BOOKMARK [2][-]{subsection.6.1.1}{AuthN gegen\374ber der Brille}{section.6.1}% 24
\BOOKMARK [2][-]{subsection.6.1.2}{AuthN gegen\374ber dem Server}{section.6.1}% 25
\BOOKMARK [1][-]{section.6.2}{Autorisierung \(AuthZ\)}{chapter.6}% 26
\BOOKMARK [0][-]{chapter.7}{Hinweise}{}% 27
\BOOKMARK [1][-]{section.7.1}{Fazit}{chapter.7}% 28
\BOOKMARK [1][-]{section.7.2}{Ausblick}{chapter.7}% 29
\BOOKMARK [0][-]{chapter*.23}{Literaturverzeichnis}{}% 30
\BOOKMARK [0][-]{appendix.A}{Anhang}{}% 31
